-------------------------------------------------------------------------------
Test set: com.luv2code.springmvc.GradebookControllerTest
-------------------------------------------------------------------------------
Tests run: 12, Failures: 1, Errors: 0, Skipped: 0, Time elapsed: 5.508 s <<< FAILURE! - in com.luv2code.springmvc.GradebookControllerTest
deleteAValidGradeHttpRequest  Time elapsed: 0.016 s  <<< FAILURE!
org.opentest4j.AssertionFailedError: expected: <true> but was: <false>
	at com.luv2code.springmvc.GradebookControllerTest.deleteAValidGradeHttpRequest(GradebookControllerTest.java:225)

